<?xml version="1.0" encoding="UTF-8"?>
<testsuite xmlns:xsi="http://www.w3.org/2001/XMLSchema-instance" xsi:noNamespaceSchemaLocation="https://maven.apache.org/surefire/maven-surefire-plugin/xsd/surefire-test-report-3.0.xsd" version="3.0" name="org.example.TestClass" time="0.047" tests="5" errors="0" skipped="0" failures="0">
  <properties>
[...]
</properties>
  <testcase name="addStudent_EmptyId_ThrowError" classname="org.example.TestClass" time="0.009">
    <system-out><![CDATA[org.example.validation.ValidationException: Id incorect!
]]></system-out>
  </testcase>
  <testcase name="addStudent_NullGroup_ThrowError" classname="org.example.TestClass" time="0.001">
    <system-out><![CDATA[java.lang.NumberFormatException: Cannot parse null string
]]></system-out>
  </testcase>
  <testcase name="addStudent_NullId_ThrowError" classname="org.example.TestClass" time="0">
    <system-out><![CDATA[java.lang.NullPointerException: Cannot invoke "String.equals(Object)" because the return value of "org.example.domain.Student.getID()" is null
]]></system-out>
  </testcase>
  <testcase name="addStudent_DuplicateId_ThrowError" classname="org.example.TestClass" time="0.001"/>
  <testcase name="addStudent_ValidData_CreatedSuccessfully" classname="org.example.TestClass" time="0.001"/>
</testsuite>